\BOOKMARK [0][-]{section*.1}{\376\377\000D\000e\000c\000l\000a\000r\000a\000t\000i\000o\000n\000\040\000o\000f\000\040\000A\000u\000t\000h\000o\000r\000s\000h\000i\000p}{}% 1
\BOOKMARK [0][-]{section*.2}{\376\377\000A\000b\000s\000t\000r\000a\000c\000t}{}% 2
\BOOKMARK [0][-]{section*.3}{\376\377\000A\000c\000k\000n\000o\000w\000l\000e\000d\000g\000e\000m\000e\000n\000t\000s}{}% 3
\BOOKMARK [0][-]{chapter.11}{\376\377\000I\000n\000t\000r\000o\000d\000u\000c\000t\000i\000o\000n}{}% 4
\BOOKMARK [1][-]{section.12}{\376\377\000M\000o\000t\000i\000v\000a\000t\000i\000o\000n}{chapter.11}% 5
\BOOKMARK [1][-]{section.16}{\376\377\000R\000e\000s\000e\000a\000r\000c\000h\000\040\000Q\000u\000e\000s\000t\000i\000o\000n}{chapter.11}% 6
\BOOKMARK [0][-]{chapter.17}{\376\377\000B\000a\000c\000k\000g\000r\000o\000u\000n\000d}{}% 7
\BOOKMARK [1][-]{section.18}{\376\377\000P\000r\000e\000v\000i\000o\000u\000s\000\040\000W\000o\000r\000k}{chapter.17}% 8
\BOOKMARK [2][-]{subsection.23}{\376\377\000F\000o\000r\000w\000a\000r\000d\000\040\000R\000e\000n\000d\000e\000r\000i\000n\000g}{section.18}% 9
\BOOKMARK [2][-]{subsection.25}{\376\377\000D\000e\000f\000e\000r\000r\000e\000d\000\040\000S\000h\000a\000d\000i\000n\000g}{section.18}% 10
\BOOKMARK [3][-]{section*.27}{\376\377\000G\000e\000o\000m\000e\000t\000r\000y\000\040\000P\000a\000s\000s}{subsection.25}% 11
\BOOKMARK [3][-]{section*.40}{\376\377\000L\000i\000g\000h\000t\000i\000n\000g\000\040\000P\000a\000s\000s}{subsection.25}% 12
\BOOKMARK [2][-]{subsection.43}{\376\377\000T\000i\000l\000e\000d\000\040\000F\000o\000r\000w\000a\000r\000d\000\040\000S\000h\000a\000d\000i\000n\000g}{section.18}% 13
\BOOKMARK [3][-]{section*.46}{\376\377\000C\000u\000l\000l\000\040\000L\000i\000g\000h\000t\000s}{subsection.43}% 14
\BOOKMARK [3][-]{section*.51}{\376\377\000S\000h\000a\000d\000e\000\040\000S\000a\000m\000p\000l\000e\000s}{subsection.43}% 15
\BOOKMARK [3][-]{section*.52}{\376\377\000D\000e\000p\000t\000h\000\040\000P\000r\000e\000p\000a\000s\000s}{subsection.43}% 16
\BOOKMARK [2][-]{subsection.55}{\376\377\000C\000l\000u\000s\000t\000e\000r\000e\000d\000\040\000S\000h\000a\000d\000i\000n\000g}{section.18}% 17
\BOOKMARK [3][-]{section*.60}{\376\377\000C\000l\000u\000s\000t\000e\000r\000\040\000A\000s\000s\000i\000g\000n\000m\000e\000n\000t}{subsection.55}% 18
\BOOKMARK [3][-]{section*.65}{\376\377\000F\000i\000n\000d\000\040\000U\000n\000i\000q\000u\000e\000\040\000C\000l\000u\000s\000t\000e\000r\000s}{subsection.55}% 19
\BOOKMARK [3][-]{section*.67}{\376\377\000A\000s\000s\000i\000g\000n\000\040\000L\000i\000g\000h\000t\000s}{subsection.55}% 20
\BOOKMARK [3][-]{section*.68}{\376\377\000S\000h\000a\000d\000e\000\040\000S\000a\000m\000p\000l\000e\000s}{subsection.55}% 21
\BOOKMARK [1][-]{section.69}{\376\377\000S\000u\000m\000m\000a\000r\000y}{chapter.17}% 22
\BOOKMARK [0][-]{chapter.70}{\376\377\000G\000P\000U\000\040\000A\000r\000c\000h\000i\000t\000e\000c\000t\000u\000r\000e}{}% 23
\BOOKMARK [1][-]{section.71}{\376\377\000I\000n\000t\000r\000o\000d\000u\000c\000t\000i\000o\000n}{chapter.70}% 24
\BOOKMARK [1][-]{section.72}{\376\377\000T\000h\000r\000e\000a\000d\000\040\000D\000i\000s\000p\000a\000t\000c\000h}{chapter.70}% 25
\BOOKMARK [1][-]{section.75}{\376\377\000C\000o\000a\000l\000e\000s\000c\000e\000d\000\040\000A\000c\000c\000e\000s\000s\000\040\000t\000o\000\040\000G\000l\000o\000b\000a\000l\000\040\000M\000e\000m\000o\000r\000y}{chapter.70}% 26
\BOOKMARK [1][-]{section.81}{\376\377\000A\000v\000o\000i\000d\000\040\000B\000a\000n\000k\000\040\000C\000o\000n\000f\000l\000i\000c\000t\000s}{chapter.70}% 27
\BOOKMARK [0][-]{chapter.85}{\376\377\000P\000a\000r\000a\000l\000l\000e\000l\000\040\000P\000r\000i\000m\000i\000t\000i\000v\000e\000s}{}% 28
\BOOKMARK [1][-]{section.86}{\376\377\000I\000n\000t\000r\000o\000d\000u\000c\000t\000i\000o\000n}{chapter.85}% 29
\BOOKMARK [1][-]{section.87}{\376\377\000R\000e\000d\000u\000c\000t\000i\000o\000n}{chapter.85}% 30
\BOOKMARK [1][-]{section.101}{\376\377\000S\000c\000a\000n}{chapter.85}% 31
\BOOKMARK [0][-]{chapter.107}{\376\377\000S\000o\000r\000t\000i\000n\000g}{}% 32
\BOOKMARK [1][-]{section.108}{\376\377\000I\000n\000t\000r\000o\000d\000u\000c\000t\000i\000o\000n}{chapter.107}% 33
\BOOKMARK [1][-]{section.110}{\376\377\000R\000a\000d\000i\000x\000\040\000S\000o\000r\000t}{chapter.107}% 34
\BOOKMARK [1][-]{section.119}{\376\377\000M\000e\000r\000g\000e\000\040\000S\000o\000r\000t}{chapter.107}% 35
\BOOKMARK [0][-]{chapter.125}{\376\377\000M\000o\000r\000t\000o\000n\000\040\000C\000o\000d\000e}{}% 36
\BOOKMARK [1][-]{section.126}{\376\377\000I\000n\000t\000r\000o\000d\000u\000c\000t\000i\000o\000n}{chapter.125}% 37
\BOOKMARK [1][-]{section.127}{\376\377\000M\000i\000n\000i\000m\000u\000m\000\040\000B\000o\000u\000n\000d\000i\000n\000g\000\040\000V\000o\000l\000u\000m\000e}{chapter.125}% 38
\BOOKMARK [1][-]{section.129}{\376\377\000C\000o\000m\000p\000u\000t\000e\000\040\000M\000o\000r\000t\000o\000n\000\040\000C\000o\000d\000e\000s}{chapter.125}% 39
\BOOKMARK [0][-]{chapter.134}{\376\377\000B\000o\000u\000n\000d\000i\000n\000g\000\040\000V\000o\000l\000u\000m\000e\000\040\000H\000i\000e\000r\000a\000r\000c\000h\000y}{}% 40
\BOOKMARK [1][-]{section.135}{\376\377\000I\000n\000t\000r\000o\000d\000u\000c\000t\000i\000o\000n}{chapter.134}% 41
\BOOKMARK [1][-]{section.137}{\376\377\000B\000V\000H\000\040\000C\000o\000n\000s\000t\000r\000u\000c\000t\000i\000o\000n}{chapter.134}% 42
\BOOKMARK [2][-]{subsection.139}{\376\377\000B\000u\000i\000l\000d\000\040\000L\000e\000a\000f\000\040\000N\000o\000d\000e\000s}{section.137}% 43
\BOOKMARK [2][-]{subsection.141}{\376\377\000B\000u\000i\000l\000d\000\040\000U\000p\000p\000e\000r\000\040\000N\000o\000d\000e\000s}{section.137}% 44
\BOOKMARK [1][-]{section.142}{\376\377\000B\000V\000H\000\040\000T\000r\000a\000v\000e\000r\000s\000a\000l}{chapter.134}% 45
\BOOKMARK [0][-]{chapter.144}{\376\377\000I\000m\000p\000l\000e\000m\000e\000n\000t\000a\000t\000i\000o\000n}{}% 46
\BOOKMARK [1][-]{section.145}{\376\377\000I\000n\000t\000r\000o\000d\000u\000c\000t\000i\000o\000n}{chapter.144}% 47
\BOOKMARK [1][-]{section.146}{\376\377\000V\000o\000l\000u\000m\000e\000\040\000T\000i\000l\000e\000d\000\040\000F\000o\000r\000w\000a\000r\000d\000\040\000S\000h\000a\000d\000i\000n\000g}{chapter.144}% 48
\BOOKMARK [2][-]{subsection.149}{\376\377\000I\000n\000i\000t\000i\000a\000l\000i\000z\000a\000t\000i\000o\000n}{section.146}% 49
\BOOKMARK [3][-]{section*.150}{\376\377\000C\000o\000m\000p\000u\000t\000e\000\040\000G\000r\000i\000d\000\040\000S\000i\000z\000e}{subsection.149}% 50
\BOOKMARK [3][-]{section*.153}{\376\377\000C\000o\000m\000p\000u\000t\000e\000\040\000A\000A\000B\000B\000s}{subsection.149}% 51
\BOOKMARK [2][-]{subsection.156}{\376\377\000U\000p\000d\000a\000t\000e}{section.146}% 52
\BOOKMARK [3][-]{section*.162}{\376\377\000D\000e\000p\000t\000h\000\040\000P\000r\000e\000-\000p\000a\000s\000s}{subsection.156}% 53
\BOOKMARK [3][-]{section*.164}{\376\377\000M\000a\000r\000k\000\040\000A\000c\000t\000i\000v\000e\000\040\000T\000i\000l\000e\000s}{subsection.156}% 54
\BOOKMARK [3][-]{section*.166}{\376\377\000B\000u\000i\000l\000d\000\040\000T\000i\000l\000e\000\040\000L\000i\000s\000t}{subsection.156}% 55
\BOOKMARK [3][-]{section*.168}{\376\377\000A\000s\000s\000i\000g\000n\000\040\000L\000i\000g\000h\000t\000s\000\040\000t\000o\000\040\000T\000i\000l\000e\000s}{subsection.156}% 56
\BOOKMARK [3][-]{section*.171}{\376\377\000S\000h\000a\000d\000e\000\040\000S\000a\000m\000p\000l\000e\000s}{subsection.156}% 57
\BOOKMARK [2][-]{subsection.173}{\376\377\000O\000p\000t\000i\000m\000i\000z\000a\000t\000i\000o\000n}{section.146}% 58
\BOOKMARK [1][-]{section.174}{\376\377\000S\000u\000m\000m\000a\000r\000y}{chapter.144}% 59
\BOOKMARK [0][-]{chapter.175}{\376\377\000E\000x\000p\000e\000r\000i\000m\000e\000n\000t\000\040\000S\000e\000t\000u\000p}{}% 60
\BOOKMARK [1][-]{section.176}{\376\377\000I\000n\000t\000r\000o\000d\000u\000c\000t\000i\000o\000n}{chapter.175}% 61
\BOOKMARK [1][-]{section.177}{\376\377\000A\000p\000p\000l\000i\000c\000a\000t\000i\000o\000n}{chapter.175}% 62
\BOOKMARK [1][-]{section.178}{\376\377\000G\000r\000a\000p\000h\000i\000c\000s\000\040\000A\000P\000I}{chapter.175}% 63
\BOOKMARK [1][-]{section.179}{\376\377\000G\000P\000U\000\040\000H\000a\000r\000d\000w\000a\000r\000e}{chapter.175}% 64
\BOOKMARK [1][-]{section.180}{\376\377\000S\000c\000e\000n\000e\000s}{chapter.175}% 65
\BOOKMARK [1][-]{section.183}{\376\377\000A\000l\000g\000o\000r\000i\000t\000h\000m\000s}{chapter.175}% 66
\BOOKMARK [1][-]{section.184}{\376\377\000P\000r\000o\000f\000i\000l\000i\000n\000g}{chapter.175}% 67
\BOOKMARK [1][-]{section.185}{\376\377\000T\000e\000s\000t\000s}{chapter.175}% 68
\BOOKMARK [0][-]{chapter.187}{\376\377\000R\000e\000s\000u\000l\000t\000s}{}% 69
\BOOKMARK [1][-]{section.188}{\376\377\000I\000n\000t\000r\000o\000d\000u\000c\000t\000i\000o\000n}{chapter.187}% 70
\BOOKMARK [1][-]{section.189}{\376\377\000F\000o\000r\000w\000a\000r\000d\000\040\000R\000e\000n\000d\000e\000r\000i\000n\000g}{chapter.187}% 71
\BOOKMARK [1][-]{section.199}{\376\377\000T\000i\000l\000e\000d\000\040\000F\000o\000r\000w\000a\000r\000d\000\040\000S\000h\000a\000d\000i\000n\000g}{chapter.187}% 72
\BOOKMARK [1][-]{section.209}{\376\377\000V\000o\000l\000u\000m\000e\000\040\000T\000i\000l\000e\000d\000\040\000F\000o\000r\000w\000a\000r\000d\000\040\000S\000h\000a\000d\000i\000n\000g}{chapter.187}% 73
\BOOKMARK [1][-]{section.223}{\376\377\000V\000o\000l\000u\000m\000e\000\040\000T\000i\000l\000e\000d\000\040\000F\000o\000r\000w\000a\000r\000d\000\040\000S\000h\000a\000d\000i\000n\000g\000\040\000\050\000B\000V\000H\000\051}{chapter.187}% 74
\BOOKMARK [1][-]{section.241}{\376\377\000T\000e\000c\000h\000n\000i\000q\000u\000e\000s\000\040\000C\000o\000m\000p\000a\000r\000e\000d}{chapter.187}% 75
\BOOKMARK [1][-]{section.248}{\376\377\000R\000a\000t\000e\000\040\000o\000f\000\040\000I\000n\000c\000r\000e\000a\000s\000e}{chapter.187}% 76
\BOOKMARK [1][-]{section.251}{\376\377\000S\000u\000m\000m\000a\000r\000y}{chapter.187}% 77
\BOOKMARK [0][-]{chapter.252}{\376\377\000C\000o\000n\000c\000l\000u\000s\000i\000o\000n\000\040\000\046\000\040\000F\000u\000t\000u\000r\000e\000\040\000W\000o\000r\000k}{}% 78
\BOOKMARK [1][-]{section.253}{\376\377\000S\000u\000m\000m\000a\000r\000y}{chapter.252}% 79
\BOOKMARK [1][-]{section.254}{\376\377\000F\000u\000t\000u\000r\000e\000\040\000W\000o\000r\000k}{chapter.252}% 80
\BOOKMARK [2][-]{subsection.255}{\376\377\000R\000e\000d\000u\000c\000i\000n\000g\000\040\000D\000r\000a\000w\000\040\000C\000a\000l\000l\000s}{section.254}% 81
\BOOKMARK [2][-]{subsection.256}{\376\377\000S\000e\000l\000f\000-\000S\000i\000m\000i\000l\000a\000r\000\040\000V\000o\000l\000u\000m\000e\000\040\000T\000i\000l\000e\000s}{section.254}% 82
\BOOKMARK [2][-]{subsection.257}{\376\377\000I\000m\000p\000r\000o\000v\000e\000d\000\040\000S\000o\000r\000t\000i\000n\000g}{section.254}% 83
\BOOKMARK [1][-]{section.258}{\376\377\000C\000o\000n\000c\000l\000u\000s\000i\000o\000n}{chapter.252}% 84
\BOOKMARK [0][-]{appendix*.259}{\376\377\000B\000i\000b\000l\000i\000o\000g\000r\000a\000p\000h\000y}{}% 85
